<?xml version="1.0" encoding="UTF-8"?>
<testng-results skipped="0" failed="0" total="1" passed="1">
  <reporter-output>
  </reporter-output>
  <suite name="Default suite" duration-ms="32426" started-at="2020-07-06T18:55:24Z" finished-at="2020-07-06T18:55:57Z">
    <groups>
    </groups>
    <test name="Default test" duration-ms="32426" started-at="2020-07-06T18:55:24Z" finished-at="2020-07-06T18:55:57Z">
      <class name="Testscripts.Testclass">
        <test-method status="PASS" signature="test1()[pri:0, instance:Testscripts.Testclass@7a92922]" name="test1" duration-ms="32402" started-at="2020-07-07T00:25:24Z" finished-at="2020-07-07T00:25:57Z">
          <reporter-output>
          </reporter-output>
        </test-method> <!-- test1 -->
      </class> <!-- Testscripts.Testclass -->
    </test> <!-- Default test -->
  </suite> <!-- Default suite -->
</testng-results>
